<?xml version="1.0" encoding="UTF-8"?>
<testng-results skipped="0" failed="0" ignored="0" total="3" passed="3">
  <reporter-output>
  </reporter-output>
  <suite name="Default suite" duration-ms="6864" started-at="2021-08-08T10:17:07 IST" finished-at="2021-08-08T10:17:14 IST">
    <groups>
    </groups>
    <test name="Default test" duration-ms="6864" started-at="2021-08-08T10:17:07 IST" finished-at="2021-08-08T10:17:14 IST">
      <class name="com.qa.tests.GetAPITest">
        <test-method status="PASS" signature="setUp()[pri:0, instance:com.qa.tests.GetAPITest@57e1b0c]" name="setUp" is-config="true" duration-ms="6" started-at="2021-08-08T10:17:07 IST" finished-at="2021-08-08T10:17:07 IST">
          <reporter-output>
          </reporter-output>
        </test-method> <!-- setUp -->
        <test-method status="PASS" signature="postApiTest()[pri:0, instance:com.qa.tests.GetAPITest@57e1b0c]" name="postApiTest" duration-ms="4995" started-at="2021-08-08T10:17:07 IST" finished-at="2021-08-08T10:17:12 IST">
          <reporter-output>
          </reporter-output>
        </test-method> <!-- postApiTest -->
        <test-method status="PASS" signature="setUp()[pri:0, instance:com.qa.tests.GetAPITest@57e1b0c]" name="setUp" is-config="true" duration-ms="1" started-at="2021-08-08T10:17:12 IST" finished-at="2021-08-08T10:17:12 IST">
          <reporter-output>
          </reporter-output>
        </test-method> <!-- setUp -->
        <test-method status="PASS" signature="apiGetTest()[pri:1, instance:com.qa.tests.GetAPITest@57e1b0c]" name="apiGetTest" duration-ms="882" started-at="2021-08-08T10:17:12 IST" finished-at="2021-08-08T10:17:13 IST">
          <reporter-output>
          </reporter-output>
        </test-method> <!-- apiGetTest -->
        <test-method status="PASS" signature="setUp()[pri:0, instance:com.qa.tests.GetAPITest@57e1b0c]" name="setUp" is-config="true" duration-ms="2" started-at="2021-08-08T10:17:13 IST" finished-at="2021-08-08T10:17:13 IST">
          <reporter-output>
          </reporter-output>
        </test-method> <!-- setUp -->
        <test-method status="PASS" signature="apiGetWithHeaders()[pri:2, instance:com.qa.tests.GetAPITest@57e1b0c]" name="apiGetWithHeaders" duration-ms="911" started-at="2021-08-08T10:17:13 IST" finished-at="2021-08-08T10:17:14 IST">
          <reporter-output>
          </reporter-output>
        </test-method> <!-- apiGetWithHeaders -->
      </class> <!-- com.qa.tests.GetAPITest -->
    </test> <!-- Default test -->
  </suite> <!-- Default suite -->
</testng-results>
