<?xml version="1.0" encoding="UTF-8"?>
<!-- Generated by org.testng.reporters.JUnitXMLReporter -->
<testsuite hostname="LAPTOP-A8CBNU2C" ignored="0" name="Default test" tests="3" failures="0" timestamp="2021-08-08T10:17:14 IST" time="6.864" errors="0">
  <testcase name="postApiTest" time="4.995" classname="com.qa.tests.GetAPITest"/>
  <testcase name="apiGetTest" time="0.882" classname="com.qa.tests.GetAPITest"/>
  <testcase name="apiGetWithHeaders" time="0.911" classname="com.qa.tests.GetAPITest"/>
</testsuite> <!-- Default test -->
