<?xml version="1.0" encoding="UTF-8"?>
<testng-results skipped="0" failed="0" ignored="0" total="1" passed="1">
  <reporter-output>
  </reporter-output>
  <suite name="Default suite" duration-ms="7270" started-at="2021-08-09T10:19:18 IST" finished-at="2021-08-09T10:19:25 IST">
    <groups>
    </groups>
    <test name="Default test" duration-ms="7270" started-at="2021-08-09T10:19:18 IST" finished-at="2021-08-09T10:19:25 IST">
      <class name="com.qa.tests.DeleteAPITest">
        <test-method status="PASS" signature="setUp()[pri:0, instance:com.qa.tests.DeleteAPITest@33f88ab]" name="setUp" is-config="true" duration-ms="6" started-at="2021-08-09T10:19:18 IST" finished-at="2021-08-09T10:19:18 IST">
          <reporter-output>
          </reporter-output>
        </test-method> <!-- setUp -->
        <test-method status="PASS" signature="deleteAPITest()[pri:0, instance:com.qa.tests.DeleteAPITest@33f88ab]" name="deleteAPITest" duration-ms="7202" started-at="2021-08-09T10:19:18 IST" finished-at="2021-08-09T10:19:25 IST">
          <reporter-output>
          </reporter-output>
        </test-method> <!-- deleteAPITest -->
      </class> <!-- com.qa.tests.DeleteAPITest -->
    </test> <!-- Default test -->
  </suite> <!-- Default suite -->
</testng-results>
